Using pre-set license
Built from '2020.3/staging' branch; Version is '2020.3.4f1 (0abb6314276a) revision 703331'; Using compiler version '192528614'; Build Type 'Release'
OS: 'Windows 10 Pro; OS build 19042.928; Version 2009; 64bit' Language: 'en' Physical Memory: 16316 MB
BatchMode: 1, IsHumanControllingUs: 0, StartBugReporterOnCrash: 0, Is64bit: 1, IsPro: 0

 COMMAND LINE ARGUMENTS:
C:\Program Files\Unity\Hub\Editor\2020.3.4f1\Editor\Unity.exe
-adb2
-batchMode
-noUpm
-name
AssetImportWorker0
-projectPath
C:/Unity/RacingProto
-logFile
Logs/AssetImportWorker0.log
-srvPort
49897
Successfully changed project path to: C:/Unity/RacingProto
C:/Unity/RacingProto
Using Asset Import Pipeline V2.
Refreshing native plugins compatible for Editor in 32.87 ms, found 1 plugins.
Preloading 0 native plugins for Editor in 0.00 ms.
Initialize engine version: 2020.3.4f1 (0abb6314276a)
[Subsystems] Discovering subsystems at path C:/Program Files/Unity/Hub/Editor/2020.3.4f1/Editor/Data/Resources/UnitySubsystems
[Subsystems] Discovering subsystems at path C:/Unity/RacingProto/Assets
GfxDevice: creating device client; threaded=0
Direct3D:
    Version:  Direct3D 11.0 [level 11.1]
    Renderer: Radeon RX Vega (ID=0x687f)
    Vendor:   
    VRAM:     8119 MB
    Driver:   27.20.14501.18003
Initialize mono
Mono path[0] = 'C:/Program Files/Unity/Hub/Editor/2020.3.4f1/Editor/Data/Managed'
Mono path[1] = 'C:/Program Files/Unity/Hub/Editor/2020.3.4f1/Editor/Data/MonoBleedingEdge/lib/mono/unityjit'
Mono config path = 'C:/Program Files/Unity/Hub/Editor/2020.3.4f1/Editor/Data/MonoBleedingEdge/etc'
Using monoOptions --debugger-agent=transport=dt_socket,embedding=1,server=y,suspend=n,address=127.0.0.1:56872
Begin MonoManager ReloadAssembly
Registering precompiled unity dll's ...
Register platform support module: C:/Program Files/Unity/Hub/Editor/2020.3.4f1/Editor/Data/PlaybackEngines/WindowsStandaloneSupport/UnityEditor.WindowsStandalone.Extensions.dll
Registered in 0.001676 seconds.
Native extension for WindowsStandalone target not found
Refreshing native plugins compatible for Editor in 30.69 ms, found 1 plugins.
Preloading 0 native plugins for Editor in 0.00 ms.
Mono: successfully reloaded assembly
- Completed reload, in  0.956 seconds
Platform modules already initialized, skipping
Registering precompiled user dll's ...
Registered in 0.003256 seconds.
Begin MonoManager ReloadAssembly
Native extension for WindowsStandalone target not found
Refreshing native plugins compatible for Editor in 30.72 ms, found 1 plugins.
Preloading 0 native plugins for Editor in 0.00 ms.
Mono: successfully reloaded assembly
- Completed reload, in  1.634 seconds
Platform modules already initialized, skipping
========================================================================
Worker process is ready to serve import requests
Launched and connected shader compiler UnityShaderCompiler.exe after 0.04 seconds
Refreshing native plugins compatible for Editor in 0.37 ms, found 1 plugins.
Preloading 0 native plugins for Editor in 0.00 ms.
Unloading 1582 Unused Serialized files (Serialized files now loaded: 0)
System memory in use before: 78.6 MB.
System memory in use after: 78.7 MB.

Unloading 22 unused Assets to reduce memory usage. Loaded Objects now: 2014.
Total: 1.925600 ms (FindLiveObjects: 0.188800 ms CreateObjectMapping: 0.043800 ms MarkObjects: 1.631800 ms  DeleteObjects: 0.060100 ms)

========================================================================
Received Import Request.
  path: Assets/Scripts/RLAgent.cs
  artifactKey: Guid(6b9b84c0550aa8a44acc3f0161c721ae) Importer(815301076,1909f56bfc062723c751e8b465ee728b)
Start importing Assets/Scripts/RLAgent.cs using Guid(6b9b84c0550aa8a44acc3f0161c721ae) Importer(815301076,1909f56bfc062723c751e8b465ee728b)  -> (artifact id: 'e7d3bb11b2bc4fdfd9f150ef2ef31362') in 0.025617 seconds
  Import took 0.028067 seconds .

========================================================================
Received Import Request.
  Time since last request: 444.063826 seconds.
  path: Assets/Scripts/Checkpoint.cs
  artifactKey: Guid(bb286e4d40a8f584ea23222b1d04aa45) Importer(815301076,1909f56bfc062723c751e8b465ee728b)
Start importing Assets/Scripts/Checkpoint.cs using Guid(bb286e4d40a8f584ea23222b1d04aa45) Importer(815301076,1909f56bfc062723c751e8b465ee728b)  -> (artifact id: '02b50104b87415abf229adfec08778bd') in 0.002195 seconds
  Import took 0.004671 seconds .

========================================================================
Received Import Request.
  Time since last request: 0.001647 seconds.
  path: Assets/Scripts/Checkpoint.cs
  artifactKey: Guid(bb286e4d40a8f584ea23222b1d04aa45) Importer(815301076,1909f56bfc062723c751e8b465ee728b)
Start importing Assets/Scripts/Checkpoint.cs using Guid(bb286e4d40a8f584ea23222b1d04aa45) Importer(815301076,1909f56bfc062723c751e8b465ee728b)  -> (artifact id: '02b50104b87415abf229adfec08778bd') in 0.002131 seconds
  Import took 0.004701 seconds .

========================================================================
Received Import Request.
  Time since last request: 13.598741 seconds.
  path: Assets/Scripts/CheckCollision.cs
  artifactKey: Guid(979ba7699e4f1e742be115eec84296d5) Importer(815301076,1909f56bfc062723c751e8b465ee728b)
Start importing Assets/Scripts/CheckCollision.cs using Guid(979ba7699e4f1e742be115eec84296d5) Importer(815301076,1909f56bfc062723c751e8b465ee728b)  -> (artifact id: '590abbc58c8ceb9615d8e3506c089be7') in 0.002783 seconds
  Import took 0.005456 seconds .

========================================================================
Received Import Request.
  Time since last request: 0.001041 seconds.
  path: Assets/Scripts/CheckCollision.cs
  artifactKey: Guid(979ba7699e4f1e742be115eec84296d5) Importer(815301076,1909f56bfc062723c751e8b465ee728b)
Start importing Assets/Scripts/CheckCollision.cs using Guid(979ba7699e4f1e742be115eec84296d5) Importer(815301076,1909f56bfc062723c751e8b465ee728b)  -> (artifact id: '590abbc58c8ceb9615d8e3506c089be7') in 0.001938 seconds
  Import took 0.003965 seconds .

========================================================================
Received Import Request.
  Time since last request: 1.661509 seconds.
  path: Assets/Scripts/CheckpointCollection.cs
  artifactKey: Guid(65acd409f737c1f4c8c31499fd058788) Importer(815301076,1909f56bfc062723c751e8b465ee728b)
Start importing Assets/Scripts/CheckpointCollection.cs using Guid(65acd409f737c1f4c8c31499fd058788) Importer(815301076,1909f56bfc062723c751e8b465ee728b)  -> (artifact id: '54f3d9db523d3eea1af1ef39db44d59b') in 0.002228 seconds
  Import took 0.005013 seconds .

========================================================================
Received Import Request.
  Time since last request: 0.001773 seconds.
  path: Assets/Scripts/CheckpointCollection.cs
  artifactKey: Guid(65acd409f737c1f4c8c31499fd058788) Importer(815301076,1909f56bfc062723c751e8b465ee728b)
Start importing Assets/Scripts/CheckpointCollection.cs using Guid(65acd409f737c1f4c8c31499fd058788) Importer(815301076,1909f56bfc062723c751e8b465ee728b)  -> (artifact id: '54f3d9db523d3eea1af1ef39db44d59b') in 0.002171 seconds
  Import took 0.004600 seconds .

========================================================================
Received Import Request.
  Time since last request: 2.370083 seconds.
  path: Assets/Scripts/Checkpoints.cs
  artifactKey: Guid(b67069be26d54544b8b8c2d01dccd53f) Importer(815301076,1909f56bfc062723c751e8b465ee728b)
Start importing Assets/Scripts/Checkpoints.cs using Guid(b67069be26d54544b8b8c2d01dccd53f) Importer(815301076,1909f56bfc062723c751e8b465ee728b)  -> (artifact id: '7ad1f0ccd2741fa46ca82d4177d0c81c') in 0.002774 seconds
  Import took 0.005228 seconds .

========================================================================
Received Prepare
Registering precompiled user dll's ...
Registered in 0.003269 seconds.
Begin MonoManager ReloadAssembly
Native extension for WindowsStandalone target not found
Refreshing native plugins compatible for Editor in 0.37 ms, found 1 plugins.
Preloading 0 native plugins for Editor in 0.00 ms.
Mono: successfully reloaded assembly
- Completed reload, in  0.917 seconds
Platform modules already initialized, skipping
Refreshing native plugins compatible for Editor in 0.37 ms, found 1 plugins.
Preloading 0 native plugins for Editor in 0.00 ms.
Unloading 1576 Unused Serialized files (Serialized files now loaded: 0)
System memory in use before: 78.5 MB.
System memory in use after: 78.6 MB.

Unloading 17 unused Assets to reduce memory usage. Loaded Objects now: 2017.
Total: 1.951500 ms (FindLiveObjects: 0.188200 ms CreateObjectMapping: 0.037100 ms MarkObjects: 1.707900 ms  DeleteObjects: 0.017400 ms)

========================================================================
Received Prepare
Registering precompiled user dll's ...
Registered in 0.003229 seconds.
Begin MonoManager ReloadAssembly
Native extension for WindowsStandalone target not found
Refreshing native plugins compatible for Editor in 0.37 ms, found 1 plugins.
Preloading 0 native plugins for Editor in 0.00 ms.
Mono: successfully reloaded assembly
- Completed reload, in  0.915 seconds
Platform modules already initialized, skipping
Refreshing native plugins compatible for Editor in 0.36 ms, found 1 plugins.
Preloading 0 native plugins for Editor in 0.00 ms.
Unloading 1576 Unused Serialized files (Serialized files now loaded: 0)
System memory in use before: 78.5 MB.
System memory in use after: 78.6 MB.

Unloading 17 unused Assets to reduce memory usage. Loaded Objects now: 2020.
Total: 1.850300 ms (FindLiveObjects: 0.192300 ms CreateObjectMapping: 0.037300 ms MarkObjects: 1.604900 ms  DeleteObjects: 0.015000 ms)

========================================================================
Received Import Request.
  Time since last request: 499.656844 seconds.
  path: Assets/3rdParty/RacingKit
  artifactKey: Guid(9c0e8d61d366905458422b711a006fb9) Importer(815301076,1909f56bfc062723c751e8b465ee728b)
Start importing Assets/3rdParty/RacingKit using Guid(9c0e8d61d366905458422b711a006fb9) Importer(815301076,1909f56bfc062723c751e8b465ee728b)  -> (artifact id: 'a5bcaf4a75a23461318c4a61f1403962') in 0.005046 seconds
  Import took 0.007931 seconds .

========================================================================
Received Import Request.
  Time since last request: 22.023672 seconds.
  path: Assets/3rdParty/RacingKit/FBX format
  artifactKey: Guid(01bb25e8fbed0f448a43d565ddfc9c28) Importer(815301076,1909f56bfc062723c751e8b465ee728b)
Start importing Assets/3rdParty/RacingKit/FBX format using Guid(01bb25e8fbed0f448a43d565ddfc9c28) Importer(815301076,1909f56bfc062723c751e8b465ee728b)  -> (artifact id: '7441b0795f7094b0baea19ac246f4ce3') in 0.013435 seconds
  Import took 0.015754 seconds .

========================================================================
Received Import Request.
  Time since last request: 2.170366 seconds.
  path: Assets/3rdParty/RacingKit/FBX format/roadRampLongWall.fbx
  artifactKey: Guid(9a258c395be00d84a88ab8cf438be380) Importer(815301076,1909f56bfc062723c751e8b465ee728b)
Start importing Assets/3rdParty/RacingKit/FBX format/roadRampLongWall.fbx using Guid(9a258c395be00d84a88ab8cf438be380) Importer(815301076,1909f56bfc062723c751e8b465ee728b)  -> (artifact id: 'cbc51f4fb4b1fbf485b30b56e1b1bfcb') in 0.181983 seconds
  Import took 0.184484 seconds .

========================================================================
Received Import Request.
  Time since last request: 0.313251 seconds.
  path: Assets/3rdParty/RacingKit/FBX format/roadRampLong.fbx
  artifactKey: Guid(014c1892ed5c15b428d56242621a3ed8) Importer(815301076,1909f56bfc062723c751e8b465ee728b)
Start importing Assets/3rdParty/RacingKit/FBX format/roadRampLong.fbx using Guid(014c1892ed5c15b428d56242621a3ed8) Importer(815301076,1909f56bfc062723c751e8b465ee728b)  -> (artifact id: '5eb699509dc0d24c8d5f0050c85c719d') in 0.024777 seconds
  Import took 0.027631 seconds .

========================================================================
Received Import Request.
  Time since last request: 0.003056 seconds.
  path: Assets/3rdParty/RacingKit/FBX format/roadRampLong.fbx
  artifactKey: Guid(014c1892ed5c15b428d56242621a3ed8) Importer(815301076,1909f56bfc062723c751e8b465ee728b)
Start importing Assets/3rdParty/RacingKit/FBX format/roadRampLong.fbx using Guid(014c1892ed5c15b428d56242621a3ed8) Importer(815301076,1909f56bfc062723c751e8b465ee728b)  -> (artifact id: '5eb699509dc0d24c8d5f0050c85c719d') in 0.030727 seconds
  Import took 0.033219 seconds .

========================================================================
Received Import Request.
  Time since last request: 342.981938 seconds.
  path: Assets/Model/Roundtrack-v2.nn
  artifactKey: Guid(86809998b98cf9549b20a99d7f417094) Importer(815301076,1909f56bfc062723c751e8b465ee728b)
Start importing Assets/Model/Roundtrack-v2.nn using Guid(86809998b98cf9549b20a99d7f417094) Importer(815301076,1909f56bfc062723c751e8b465ee728b) NullReferenceException
  at (wrapper managed-to-native) UnityEditor.EditorUtility.CopySerialized(UnityEngine.Object,UnityEngine.Object)
  at Unity.Barracuda.NNModelEditor.RenderStaticPreview (System.String assetPath, UnityEngine.Object[] subAssets, System.Int32 width, System.Int32 height) [0x00009] in C:\Unity\RacingProto\Library\PackageCache\com.unity.barracuda@1.0.4\Barracuda\Editor\ONNXModelImporterEditor.cs:85 
  at UnityEditor.AssetPreviewUpdater.CreatePreviewForAsset (UnityEngine.Object obj, UnityEngine.Object[] subAssets, System.String assetPath) [0x0008a] in <7587a42c8322471cbc42b27c9b8eab3c>:0 

(Filename: Library/PackageCache/com.unity.barracuda@1.0.4/Barracuda/Editor/ONNXModelImporterEditor.cs Line: 85)

 -> (artifact id: '35d78781e2b50edeed3069c365f9ff3b') in 0.048082 seconds
  Import took 0.051236 seconds .

========================================================================
Received Prepare
Registering precompiled user dll's ...
Registered in 0.003161 seconds.
Begin MonoManager ReloadAssembly
Native extension for WindowsStandalone target not found
Refreshing native plugins compatible for Editor in 0.38 ms, found 1 plugins.
Preloading 0 native plugins for Editor in 0.00 ms.
Mono: successfully reloaded assembly
- Completed reload, in  0.931 seconds
Platform modules already initialized, skipping
Refreshing native plugins compatible for Editor in 0.38 ms, found 1 plugins.
Preloading 0 native plugins for Editor in 0.00 ms.
Unloading 1576 Unused Serialized files (Serialized files now loaded: 0)
System memory in use before: 82.2 MB.
System memory in use after: 82.3 MB.

Unloading 17 unused Assets to reduce memory usage. Loaded Objects now: 2068.
Total: 1.936300 ms (FindLiveObjects: 0.189500 ms CreateObjectMapping: 0.037000 ms MarkObjects: 1.691100 ms  DeleteObjects: 0.017800 ms)

========================================================================
Received Prepare
Registering precompiled user dll's ...
Registered in 0.003193 seconds.
Begin MonoManager ReloadAssembly
Native extension for WindowsStandalone target not found
Refreshing native plugins compatible for Editor in 0.38 ms, found 1 plugins.
Preloading 0 native plugins for Editor in 0.00 ms.
Mono: successfully reloaded assembly
- Completed reload, in  0.915 seconds
Platform modules already initialized, skipping
Refreshing native plugins compatible for Editor in 0.36 ms, found 1 plugins.
Preloading 0 native plugins for Editor in 0.00 ms.
Unloading 1576 Unused Serialized files (Serialized files now loaded: 0)
System memory in use before: 82.2 MB.
System memory in use after: 82.4 MB.

Unloading 17 unused Assets to reduce memory usage. Loaded Objects now: 2071.
Total: 1.831800 ms (FindLiveObjects: 0.177900 ms CreateObjectMapping: 0.036600 ms MarkObjects: 1.602200 ms  DeleteObjects: 0.014300 ms)

AssetImportWorkerClient::OnTransportError - code=2 error=End of file
